<?xml version="1.0" encoding="UTF-8"?>
<testng-results ignored="0" total="1" passed="1" failed="0" skipped="0">
  <reporter-output>
  </reporter-output>
  <suite started-at="2024-04-07T11:50:52 AEST" name="Default suite" finished-at="2024-04-07T11:50:57 AEST" duration-ms="5215">
    <groups>
    </groups>
    <test started-at="2024-04-07T11:50:52 AEST" name="Default test" finished-at="2024-04-07T11:50:57 AEST" duration-ms="5215">
      <class name="tests.SaucedemoAddMethod">
        <test-method is-config="true" signature="setUp()[pri:0, instance:tests.SaucedemoAddMethod@1e04fa0a]" started-at="2024-04-07T11:50:52 AEST" name="setUp" finished-at="2024-04-07T11:50:55 AEST" duration-ms="2560" status="PASS">
          <reporter-output>
          </reporter-output>
        </test-method> <!-- setUp -->
        <test-method signature="saucedemoShopping()[pri:0, instance:tests.SaucedemoAddMethod@1e04fa0a]" started-at="2024-04-07T11:50:55 AEST" name="saucedemoShopping" finished-at="2024-04-07T11:50:57 AEST" duration-ms="2453" status="PASS">
          <reporter-output>
          </reporter-output>
        </test-method> <!-- saucedemoShopping -->
        <test-method is-config="true" signature="tearDown()[pri:0, instance:tests.SaucedemoAddMethod@1e04fa0a]" started-at="2024-04-07T11:50:57 AEST" name="tearDown" finished-at="2024-04-07T11:50:57 AEST" duration-ms="165" status="PASS">
          <reporter-output>
          </reporter-output>
        </test-method> <!-- tearDown -->
      </class> <!-- tests.SaucedemoAddMethod -->
    </test> <!-- Default test -->
  </suite> <!-- Default suite -->
</testng-results>
